[20-Apr-2025 09:13:46 UTC] PHP Notice:  session_start(): Ignoring session_start() because a session is already active (started from C:\MAMP\htdocs\includes\dashboard1.php on line 10) in C:\MAMP\htdocs\includes\config.php on line 2
[20-Apr-2025 09:13:46 UTC] PHP Fatal error:  Cannot redeclare redirect() (previously declared in C:\MAMP\htdocs\includes\config.php:26) in C:\MAMP\htdocs\includes\config.php on line 28
[20-Apr-2025 09:19:06 UTC] PHP Warning:  Constant DB_HOST already defined in C:\MAMP\htdocs\includes\config.php on line 8
[20-Apr-2025 09:19:06 UTC] PHP Warning:  Constant DB_NAME already defined in C:\MAMP\htdocs\includes\config.php on line 9
[20-Apr-2025 09:19:06 UTC] PHP Warning:  Constant DB_USER already defined in C:\MAMP\htdocs\includes\config.php on line 10
[20-Apr-2025 09:19:06 UTC] PHP Warning:  Constant DB_PASS already defined in C:\MAMP\htdocs\includes\config.php on line 11
[20-Apr-2025 09:19:06 UTC] PHP Warning:  Constant DB_CHARSET already defined in C:\MAMP\htdocs\includes\config.php on line 12
[20-Apr-2025 09:19:12 UTC] PHP Warning:  Constant DB_HOST already defined in C:\MAMP\htdocs\includes\config.php on line 8
[20-Apr-2025 09:19:12 UTC] PHP Warning:  Constant DB_NAME already defined in C:\MAMP\htdocs\includes\config.php on line 9
[20-Apr-2025 09:19:12 UTC] PHP Warning:  Constant DB_USER already defined in C:\MAMP\htdocs\includes\config.php on line 10
[20-Apr-2025 09:19:12 UTC] PHP Warning:  Constant DB_PASS already defined in C:\MAMP\htdocs\includes\config.php on line 11
[20-Apr-2025 09:19:12 UTC] PHP Warning:  Constant DB_CHARSET already defined in C:\MAMP\htdocs\includes\config.php on line 12
[20-Apr-2025 09:19:51 UTC] PHP Warning:  Constant DB_HOST already defined in C:\MAMP\htdocs\includes\config.php on line 8
[20-Apr-2025 09:19:51 UTC] PHP Warning:  Constant DB_NAME already defined in C:\MAMP\htdocs\includes\config.php on line 9
[20-Apr-2025 09:19:51 UTC] PHP Warning:  Constant DB_USER already defined in C:\MAMP\htdocs\includes\config.php on line 10
[20-Apr-2025 09:19:51 UTC] PHP Warning:  Constant DB_PASS already defined in C:\MAMP\htdocs\includes\config.php on line 11
[20-Apr-2025 09:19:51 UTC] PHP Warning:  Constant DB_CHARSET already defined in C:\MAMP\htdocs\includes\config.php on line 12
[20-Apr-2025 09:19:53 UTC] PHP Warning:  Constant DB_HOST already defined in C:\MAMP\htdocs\includes\config.php on line 8
[20-Apr-2025 09:19:53 UTC] PHP Warning:  Constant DB_NAME already defined in C:\MAMP\htdocs\includes\config.php on line 9
[20-Apr-2025 09:19:53 UTC] PHP Warning:  Constant DB_USER already defined in C:\MAMP\htdocs\includes\config.php on line 10
[20-Apr-2025 09:19:53 UTC] PHP Warning:  Constant DB_PASS already defined in C:\MAMP\htdocs\includes\config.php on line 11
[20-Apr-2025 09:19:53 UTC] PHP Warning:  Constant DB_CHARSET already defined in C:\MAMP\htdocs\includes\config.php on line 12
[20-Apr-2025 09:20:00 UTC] PHP Warning:  Constant DB_HOST already defined in C:\MAMP\htdocs\includes\config.php on line 8
[20-Apr-2025 09:20:00 UTC] PHP Warning:  Constant DB_NAME already defined in C:\MAMP\htdocs\includes\config.php on line 9
[20-Apr-2025 09:20:00 UTC] PHP Warning:  Constant DB_USER already defined in C:\MAMP\htdocs\includes\config.php on line 10
[20-Apr-2025 09:20:00 UTC] PHP Warning:  Constant DB_PASS already defined in C:\MAMP\htdocs\includes\config.php on line 11
[20-Apr-2025 09:20:00 UTC] PHP Warning:  Constant DB_CHARSET already defined in C:\MAMP\htdocs\includes\config.php on line 12
[20-Apr-2025 09:20:09 UTC] PHP Warning:  Constant DB_HOST already defined in C:\MAMP\htdocs\includes\config.php on line 8
[20-Apr-2025 09:20:09 UTC] PHP Warning:  Constant DB_NAME already defined in C:\MAMP\htdocs\includes\config.php on line 9
[20-Apr-2025 09:20:09 UTC] PHP Warning:  Constant DB_USER already defined in C:\MAMP\htdocs\includes\config.php on line 10
[20-Apr-2025 09:20:09 UTC] PHP Warning:  Constant DB_PASS already defined in C:\MAMP\htdocs\includes\config.php on line 11
[20-Apr-2025 09:20:09 UTC] PHP Warning:  Constant DB_CHARSET already defined in C:\MAMP\htdocs\includes\config.php on line 12
[20-Apr-2025 09:20:18 UTC] PHP Warning:  Constant DB_HOST already defined in C:\MAMP\htdocs\includes\config.php on line 8
[20-Apr-2025 09:20:18 UTC] PHP Warning:  Constant DB_NAME already defined in C:\MAMP\htdocs\includes\config.php on line 9
[20-Apr-2025 09:20:18 UTC] PHP Warning:  Constant DB_USER already defined in C:\MAMP\htdocs\includes\config.php on line 10
[20-Apr-2025 09:20:18 UTC] PHP Warning:  Constant DB_PASS already defined in C:\MAMP\htdocs\includes\config.php on line 11
[20-Apr-2025 09:20:18 UTC] PHP Warning:  Constant DB_CHARSET already defined in C:\MAMP\htdocs\includes\config.php on line 12
[20-Apr-2025 09:20:21 UTC] PHP Warning:  Constant DB_HOST already defined in C:\MAMP\htdocs\includes\config.php on line 8
[20-Apr-2025 09:20:21 UTC] PHP Warning:  Constant DB_NAME already defined in C:\MAMP\htdocs\includes\config.php on line 9
[20-Apr-2025 09:20:21 UTC] PHP Warning:  Constant DB_USER already defined in C:\MAMP\htdocs\includes\config.php on line 10
[20-Apr-2025 09:20:21 UTC] PHP Warning:  Constant DB_PASS already defined in C:\MAMP\htdocs\includes\config.php on line 11
[20-Apr-2025 09:20:21 UTC] PHP Warning:  Constant DB_CHARSET already defined in C:\MAMP\htdocs\includes\config.php on line 12
[20-Apr-2025 09:20:42 UTC] PHP Warning:  Constant DB_HOST already defined in C:\MAMP\htdocs\includes\config.php on line 8
[20-Apr-2025 09:20:42 UTC] PHP Warning:  Constant DB_NAME already defined in C:\MAMP\htdocs\includes\config.php on line 9
[20-Apr-2025 09:20:42 UTC] PHP Warning:  Constant DB_USER already defined in C:\MAMP\htdocs\includes\config.php on line 10
[20-Apr-2025 09:20:42 UTC] PHP Warning:  Constant DB_PASS already defined in C:\MAMP\htdocs\includes\config.php on line 11
[20-Apr-2025 09:20:42 UTC] PHP Warning:  Constant DB_CHARSET already defined in C:\MAMP\htdocs\includes\config.php on line 12
[20-Apr-2025 09:20:46 UTC] PHP Warning:  Constant DB_HOST already defined in C:\MAMP\htdocs\includes\config.php on line 8
[20-Apr-2025 09:20:46 UTC] PHP Warning:  Constant DB_NAME already defined in C:\MAMP\htdocs\includes\config.php on line 9
[20-Apr-2025 09:20:46 UTC] PHP Warning:  Constant DB_USER already defined in C:\MAMP\htdocs\includes\config.php on line 10
[20-Apr-2025 09:20:46 UTC] PHP Warning:  Constant DB_PASS already defined in C:\MAMP\htdocs\includes\config.php on line 11
[20-Apr-2025 09:20:46 UTC] PHP Warning:  Constant DB_CHARSET already defined in C:\MAMP\htdocs\includes\config.php on line 12
